app/build/intermediates/manifest_merge_blame_file/debug/manifest-merger-blame-debug-report.txt
1<?xml version="1.0" encoding="utf-8"?>
2<manifest xmlns:android="http://schemas.android.com/apk/res/android"
3    package="com.example.phase1proj"
4    android:versionCode="1"
5    android:versionName="1.0" >
6
7    <uses-sdk
8        android:minSdkVersion="21"
8-->src\main\AndroidManifest.xml
9        android:targetSdkVersion="29" />
9-->src\main\AndroidManifest.xml
10
11    <application
11-->src\main\AndroidManifest.xml:6:5-36:19
12        android:allowBackup="true"
12-->src\main\AndroidManifest.xml:7:9-35
13        android:appComponentFactory="androidx.core.app.CoreComponentFactory"
13-->[androidx.core:core:1.1.0-rc03] AndroidManifest.xml:24:18-86
14        android:debuggable="true"
15        android:icon="@mipmap/ic_launcher"
15-->src\main\AndroidManifest.xml:8:9-43
16        android:label="@string/app_name"
16-->src\main\AndroidManifest.xml:9:9-41
17        android:roundIcon="@mipmap/ic_launcher"
17-->src\main\AndroidManifest.xml:10:9-48
18        android:supportsRtl="true"
18-->src\main\AndroidManifest.xml:11:9-35
19        android:testOnly="true"
20        android:theme="@style/AppTheme" >
20-->src\main\AndroidManifest.xml:12:9-40
21        <activity
21-->src\main\AndroidManifest.xml:14:9-18:65
22            android:name="com.example.phase1proj.views.activity.ItemActivity"
22-->src\main\AndroidManifest.xml:15:13-56
23            android:parentActivityName="com.example.phase1proj.views.activity.MainActivity"
23-->src\main\AndroidManifest.xml:16:13-70
24            android:screenOrientation="portrait" />
24-->src\main\AndroidManifest.xml:17:13-49
25        <activity
25-->src\main\AndroidManifest.xml:19:9-23:56
26            android:name="com.example.phase1proj.views.activity.CategoryListActivity"
26-->src\main\AndroidManifest.xml:20:13-64
27            android:parentActivityName="com.example.phase1proj.views.activity.MainActivity"
27-->src\main\AndroidManifest.xml:21:13-70
28            android:screenOrientation="portrait" />
28-->src\main\AndroidManifest.xml:22:13-49
29        <activity
29-->src\main\AndroidManifest.xml:24:9-35:20
30            android:name="com.example.phase1proj.views.activity.MainActivity"
30-->src\main\AndroidManifest.xml:25:13-56
31            android:screenOrientation="portrait"
31-->src\main\AndroidManifest.xml:26:13-49
32            android:theme="@style/AppTheme.NoActionBar"
32-->src\main\AndroidManifest.xml:27:13-56
33            android:windowSoftInputMode="adjustPan" >
33-->src\main\AndroidManifest.xml:28:13-52
34            <intent-filter>
34-->src\main\AndroidManifest.xml:30:13-34:29
35                <action android:name="android.intent.action.MAIN" />
35-->src\main\AndroidManifest.xml:31:17-69
35-->src\main\AndroidManifest.xml:31:25-66
36
37                <category android:name="android.intent.category.LAUNCHER" />
37-->src\main\AndroidManifest.xml:33:17-77
37-->src\main\AndroidManifest.xml:33:27-74
38            </intent-filter>
39        </activity>
40
41        <service
41-->[androidx.room:room-runtime:2.2.1] AndroidManifest.xml:25:9-27:40
42            android:name="androidx.room.MultiInstanceInvalidationService"
42-->[androidx.room:room-runtime:2.2.1] AndroidManifest.xml:26:13-74
43            android:exported="false" />
43-->[androidx.room:room-runtime:2.2.1] AndroidManifest.xml:27:13-37
44
45        <provider
45-->[androidx.lifecycle:lifecycle-process:2.1.0] AndroidManifest.xml:23:9-27:43
46            android:name="androidx.lifecycle.ProcessLifecycleOwnerInitializer"
46-->[androidx.lifecycle:lifecycle-process:2.1.0] AndroidManifest.xml:24:13-79
47            android:authorities="com.example.phase1proj.lifecycle-process"
47-->[androidx.lifecycle:lifecycle-process:2.1.0] AndroidManifest.xml:25:13-69
48            android:exported="false"
48-->[androidx.lifecycle:lifecycle-process:2.1.0] AndroidManifest.xml:26:13-37
49            android:multiprocess="true" />
49-->[androidx.lifecycle:lifecycle-process:2.1.0] AndroidManifest.xml:27:13-40
50    </application>
51
52</manifest>